

> vercel-demo@0.1.0 format /Users/macbook/dvmt/vercel-demo
> prettier --write .

.github/workflows/ci.yml[2K[1G[90m.github/workflows/ci.yml[39m 23ms (unchanged)
.prettierignore[2K[1G.prettierrc[2K[1G[90m.prettierrc[39m 42ms (unchanged)
.turbo/cache/02059fce0f46ab1e-meta.json[2K[1G[90m.turbo/cache/02059fce0f46ab1e-meta.json[39m 5ms (unchanged)
.turbo/cache/02059fce0f46ab1e.tar.zst[2K[1G.turbo/cache/07687079caf9b234-meta.json[2K[1G[90m.turbo/cache/07687079caf9b234-meta.json[39m 3ms (unchanged)
.turbo/cache/07687079caf9b234.tar.zst[2K[1G.turbo/cache/08611d13b88a6908-meta.json[2K[1G[90m.turbo/cache/08611d13b88a6908-meta.json[39m 4ms (unchanged)
.turbo/cache/08611d13b88a6908.tar.zst[2K[1G.turbo/cache/0b32ac9b6c25912e-meta.json[2K[1G[90m.turbo/cache/0b32ac9b6c25912e-meta.json[39m 2ms (unchanged)
.turbo/cache/0b32ac9b6c25912e.tar.zst[2K[1G.turbo/cache/1392baf3748361b6-meta.json[2K[1G[90m.turbo/cache/1392baf3748361b6-meta.json[39m 2ms (unchanged)
.turbo/cache/1392baf3748361b6.tar.zst[2K[1G.turbo/cache/16575098b3a2ed52-meta.json[2K[1G[90m.turbo/cache/16575098b3a2ed52-meta.json[39m 1ms (unchanged)
.turbo/cache/16575098b3a2ed52.tar.zst[2K[1G.turbo/cache/204f0f28feab5461-meta.json[2K[1G[90m.turbo/cache/204f0f28feab5461-meta.json[39m 3ms (unchanged)
.turbo/cache/204f0f28feab5461.tar.zst[2K[1G.turbo/cache/21c4d0d991eb098a-meta.json[2K[1G[90m.turbo/cache/21c4d0d991eb098a-meta.json[39m 2ms (unchanged)
.turbo/cache/21c4d0d991eb098a.tar.zst[2K[1G.turbo/cache/23745e331ca2c39d-meta.json[2K[1G[90m.turbo/cache/23745e331ca2c39d-meta.json[39m 3ms (unchanged)
.turbo/cache/23745e331ca2c39d.tar.zst[2K[1G.turbo/cache/27c183a58234b784-meta.json[2K[1G.turbo/cache/27c183a58234b784-meta.json 1ms
.turbo/cache/27c183a58234b784.tar.zst[2K[1G.turbo/cache/3616d6bf0c501f02-meta.json[2K[1G[90m.turbo/cache/3616d6bf0c501f02-meta.json[39m 1ms (unchanged)
.turbo/cache/3616d6bf0c501f02.tar.zst[2K[1G.turbo/cache/394ed6897b8ee388-meta.json[2K[1G[90m.turbo/cache/394ed6897b8ee388-meta.json[39m 1ms (unchanged)
.turbo/cache/394ed6897b8ee388.tar.zst[2K[1G.turbo/cache/3b51029c58165e7b-meta.json[2K[1G.turbo/cache/3b51029c58165e7b-meta.json 1ms
.turbo/cache/3b51029c58165e7b.tar.zst[2K[1G.turbo/cache/474b398dac0c8246-meta.json[2K[1G[90m.turbo/cache/474b398dac0c8246-meta.json[39m 1ms (unchanged)
.turbo/cache/474b398dac0c8246.tar.zst[2K[1G.turbo/cache/491522f1c915c186-meta.json[2K[1G[90m.turbo/cache/491522f1c915c186-meta.json[39m 4ms (unchanged)
.turbo/cache/491522f1c915c186.tar.zst[2K[1G.turbo/cache/541740bf7d947215-meta.json[2K[1G[90m.turbo/cache/541740bf7d947215-meta.json[39m 1ms (unchanged)
.turbo/cache/541740bf7d947215.tar.zst[2K[1G.turbo/cache/5450bd321b66a9e5-meta.json[2K[1G[90m.turbo/cache/5450bd321b66a9e5-meta.json[39m 1ms (unchanged)
.turbo/cache/5450bd321b66a9e5.tar.zst[2K[1G.turbo/cache/588fb183f6aa8cfb-meta.json[2K[1G[90m.turbo/cache/588fb183f6aa8cfb-meta.json[39m 2ms (unchanged)
.turbo/cache/588fb183f6aa8cfb.tar.zst[2K[1G.turbo/cache/61222fcd51191991-meta.json[2K[1G[90m.turbo/cache/61222fcd51191991-meta.json[39m 1ms (unchanged)
.turbo/cache/61222fcd51191991.tar.zst[2K[1G.turbo/cache/68d6dbec556a9e5c-meta.json[2K[1G[90m.turbo/cache/68d6dbec556a9e5c-meta.json[39m 1ms (unchanged)
.turbo/cache/68d6dbec556a9e5c.tar.zst[2K[1G.turbo/cache/69535b507fabe673-meta.json[2K[1G[90m.turbo/cache/69535b507fabe673-meta.json[39m 1ms (unchanged)
.turbo/cache/69535b507fabe673.tar.zst[2K[1G.turbo/cache/706f545e6a7b0a1e-meta.json[2K[1G[90m.turbo/cache/706f545e6a7b0a1e-meta.json[39m 1ms (unchanged)
.turbo/cache/706f545e6a7b0a1e.tar.zst[2K[1G.turbo/cache/76fa304957b2226f-meta.json[2K[1G[90m.turbo/cache/76fa304957b2226f-meta.json[39m 1ms (unchanged)
.turbo/cache/76fa304957b2226f.tar.zst[2K[1G.turbo/cache/7aaeb6695d0b9340-meta.json[2K[1G[90m.turbo/cache/7aaeb6695d0b9340-meta.json[39m 1ms (unchanged)
.turbo/cache/7aaeb6695d0b9340.tar.zst[2K[1G.turbo/cache/7b2e828a7eca9d79-meta.json[2K[1G[90m.turbo/cache/7b2e828a7eca9d79-meta.json[39m 1ms (unchanged)
.turbo/cache/7b2e828a7eca9d79.tar.zst[2K[1G.turbo/cache/80dbde556bf17e72-meta.json[2K[1G[90m.turbo/cache/80dbde556bf17e72-meta.json[39m 66ms (unchanged)
.turbo/cache/80dbde556bf17e72.tar.zst[2K[1G.turbo/cache/8e1d40768cf3ca0f-meta.json[2K[1G.turbo/cache/8e1d40768cf3ca0f-meta.json 3ms
.turbo/cache/8e1d40768cf3ca0f.tar.zst[2K[1G.turbo/cache/96eb26cf7e3862a2-meta.json[2K[1G[90m.turbo/cache/96eb26cf7e3862a2-meta.json[39m 1ms (unchanged)
.turbo/cache/96eb26cf7e3862a2.tar.zst[2K[1G.turbo/cache/a408b637c594c006-meta.json[2K[1G[90m.turbo/cache/a408b637c594c006-meta.json[39m 7ms (unchanged)
.turbo/cache/a408b637c594c006.tar.zst[2K[1G.turbo/cache/a94e4f70293f650d-meta.json[2K[1G[90m.turbo/cache/a94e4f70293f650d-meta.json[39m 28ms (unchanged)
.turbo/cache/a94e4f70293f650d.tar.zst[2K[1G.turbo/cache/ae9c3bc057e0e3af-meta.json[2K[1G[90m.turbo/cache/ae9c3bc057e0e3af-meta.json[39m 1ms (unchanged)
.turbo/cache/ae9c3bc057e0e3af.tar.zst[2K[1G.turbo/cache/b51091d348d2ebcc-meta.json[2K[1G[90m.turbo/cache/b51091d348d2ebcc-meta.json[39m 1ms (unchanged)
.turbo/cache/b51091d348d2ebcc.tar.zst[2K[1G.turbo/cache/c13d08107aebe6c6-meta.json[2K[1G[90m.turbo/cache/c13d08107aebe6c6-meta.json[39m 1ms (unchanged)
.turbo/cache/c13d08107aebe6c6.tar.zst[2K[1G.turbo/cache/cb402a4a932a992e-meta.json[2K[1G[90m.turbo/cache/cb402a4a932a992e-meta.json[39m 1ms (unchanged)
.turbo/cache/cb402a4a932a992e.tar.zst[2K[1G.turbo/cache/f19371a5f1a4e7fb-meta.json[2K[1G[90m.turbo/cache/f19371a5f1a4e7fb-meta.json[39m 1ms (unchanged)
.turbo/cache/f19371a5f1a4e7fb.tar.zst[2K[1G.turbo/cookies/1.cookie[2K[1G.turbo/cookies/10.cookie[2K[1G.turbo/cookies/11.cookie[2K[1G.turbo/cookies/12.cookie[2K[1G.turbo/cookies/13.cookie[2K[1G.turbo/cookies/14.cookie[2K[1G.turbo/cookies/15.cookie[2K[1G.turbo/cookies/16.cookie[2K[1G.turbo/cookies/17.cookie[2K[1G.turbo/cookies/18.cookie[2K[1G.turbo/cookies/19.cookie[2K[1G.turbo/cookies/2.cookie[2K[1G.turbo/cookies/20.cookie[2K[1G.turbo/cookies/21.cookie[2K[1G.turbo/cookies/22.cookie[2K[1G.turbo/cookies/23.cookie[2K[1G.turbo/cookies/24.cookie[2K[1G.turbo/cookies/25.cookie[2K[1G.turbo/cookies/26.cookie[2K[1G.turbo/cookies/27.cookie[2K[1G.turbo/cookies/28.cookie[2K[1G.turbo/cookies/29.cookie[2K[1G.turbo/cookies/3.cookie[2K[1G.turbo/cookies/30.cookie[2K[1G.turbo/cookies/31.cookie[2K[1G.turbo/cookies/32.cookie[2K[1G.turbo/cookies/33.cookie[2K[1G.turbo/cookies/34.cookie[2K[1G.turbo/cookies/35.cookie[2K[1G.turbo/cookies/36.cookie[2K[1G.turbo/cookies/37.cookie[2K[1G.turbo/cookies/38.cookie[2K[1G.turbo/cookies/39.cookie[2K[1G.turbo/cookies/4.cookie[2K[1G.turbo/cookies/40.cookie[2K[1G.turbo/cookies/41.cookie[2K[1G.turbo/cookies/42.cookie[2K[1G.turbo/cookies/43.cookie[2K[1G.turbo/cookies/44.cookie[2K[1G.turbo/cookies/45.cookie[2K[1G.turbo/cookies/46.cookie[2K[1G.turbo/cookies/47.cookie[2K[1G.turbo/cookies/48.cookie[2K[1G.turbo/cookies/49.cookie[2K[1G.turbo/cookies/5.cookie[2K[1G.turbo/cookies/50.cookie[2K[1G.turbo/cookies/51.cookie[2K[1G.turbo/cookies/52.cookie[2K[1G.turbo/cookies/53.cookie[2K[1G.turbo/cookies/54.cookie[2K[1G.turbo/cookies/55.cookie[2K[1G.turbo/cookies/56.cookie[2K[1G.turbo/cookies/57.cookie[2K[1G.turbo/cookies/58.cookie[2K[1G.turbo/cookies/59.cookie[2K[1G.turbo/cookies/6.cookie[2K[1G.turbo/cookies/60.cookie[2K[1G.turbo/cookies/61.cookie[2K[1G.turbo/cookies/62.cookie[2K[1G.turbo/cookies/63.cookie[2K[1G.turbo/cookies/64.cookie[2K[1G.turbo/cookies/65.cookie[2K[1G.turbo/cookies/66.cookie[2K[1G.turbo/cookies/67.cookie[2K[1G.turbo/cookies/68.cookie[2K[1G.turbo/cookies/69.cookie[2K[1G.turbo/cookies/7.cookie[2K[1G.turbo/cookies/70.cookie[2K[1G.turbo/cookies/71.cookie[2K[1G.turbo/cookies/72.cookie[2K[1G.turbo/cookies/73.cookie[2K[1G.turbo/cookies/74.cookie[2K[1G.turbo/cookies/75.cookie[2K[1G.turbo/cookies/76.cookie[2K[1G.turbo/cookies/77.cookie[2K[1G.turbo/cookies/78.cookie[2K[1G.turbo/cookies/79.cookie[2K[1G.turbo/cookies/8.cookie[2K[1G.turbo/cookies/80.cookie[2K[1G.turbo/cookies/81.cookie[2K[1G.turbo/cookies/82.cookie[2K[1G.turbo/cookies/83.cookie[2K[1G.turbo/cookies/84.cookie[2K[1G.turbo/cookies/85.cookie[2K[1G.turbo/cookies/86.cookie[2K[1G.turbo/cookies/87.cookie[2K[1G.turbo/cookies/88.cookie[2K[1G.turbo/cookies/89.cookie[2K[1G.turbo/cookies/9.cookie[2K[1G.turbo/cookies/90.cookie[2K[1G.turbo/cookies/91.cookie[2K[1G.turbo/cookies/92.cookie[2K[1G.turbo/cookies/93.cookie[2K[1G.turbo/cookies/94.cookie[2K[1G.turbo/cookies/95.cookie[2K[1G.turbo/cookies/96.cookie[2K[1G.turbo/cookies/97.cookie[2K[1G.turbo/daemon/8505d9c7947119e9-turbo.log.2025-06-25[2K[1G.turbo/turbo-check-types.log[2K[1G.turbo/turbo-format.log[2K[1G.turbo/turbo-lint.log[2K[1G.vscode/settings.json[2K[1G[90m.vscode/settings.json[39m 2ms (unchanged)
app/favicon.ico[2K[1Gapp/globals.css[2K[1G[90mapp/globals.css[39m 217ms (unchanged)
app/layout.tsx[2K[1G[90mapp/layout.tsx[39m 110ms (unchanged)
app/page.tsx[2K[1G[90mapp/page.tsx[39m 267ms (unchanged)
components.json[2K[1G[90mcomponents.json[39m 34ms (unchanged)
components/atoms/button.tsx[2K[1G[90mcomponents/atoms/button.tsx[39m 28ms (unchanged)
components/atoms/typography.tsx[2K[1G[90mcomponents/atoms/typography.tsx[39m 27ms (unchanged)
components/theme-provider.tsx[2K[1G[90mcomponents/theme-provider.tsx[39m 18ms (unchanged)
eslint.config.mjs[2K[1G[90meslint.config.mjs[39m 19ms (unchanged)
lib/utils.ts[2K[1G[90mlib/utils.ts[39m 3ms (unchanged)
next.config.ts[2K[1G[90mnext.config.ts[39m 9ms (unchanged)
package.json[2K[1G[90mpackage.json[39m 3ms (unchanged)
postcss.config.mjs[2K[1G[90mpostcss.config.mjs[39m 2ms (unchanged)
public/file.svg[2K[1Gpublic/globe.svg[2K[1Gpublic/next.svg[2K[1Gpublic/vercel.svg[2K[1Gpublic/window.svg[2K[1GREADME.md[2K[1G[90mREADME.md[39m 132ms (unchanged)
tsconfig.json[2K[1G[90mtsconfig.json[39m 4ms (unchanged)
turbo.json[2K[1G[90mturbo.json[39m 1ms (unchanged)
